Drill report for communication_body.kicad_pcb
Created on 2024-08-07T12:50:14+0300

Copper Layer Stackup:
    =============================================================
    L1 :  F.Cu                      front
    L2 :  B.Cu                      back


Drill file 'communication_body-PTH.drl' contains
    plated through holes:
    =============================================================
    T1  0.300mm  0.0118"  (58 holes)
    T2  0.750mm  0.0295"  (2 holes)
    T3  0.840mm  0.0331"  (5 holes)
    T4  0.870mm  0.0343"  (12 holes)
    T5  1.000mm  0.0394"  (10 holes)
    T6  2.200mm  0.0866"  (4 holes)

    Total plated holes count 91


Drill file 'communication_body-NPTH.drl' contains
    unplated through holes:
    =============================================================

    Total unplated holes count 0
