Drill report for control_body.kicad_pcb
Created on 2024-08-07T12:58:02+0300

Copper Layer Stackup:
    =============================================================
    L1 :  F.Cu                      front
    L2 :  B.Cu                      back


Drill file 'control_body-PTH.drl' contains
    plated through holes:
    =============================================================
    T1  0.300mm  0.0118"  (199 holes)
    T2  0.400mm  0.0157"  (3 holes)
    T3  0.400mm  0.0157"  (32 holes)
    T4  0.500mm  0.0197"  (1 hole)
    T5  0.750mm  0.0295"  (5 holes)
    T6  0.840mm  0.0331"  (5 holes)
    T7  0.870mm  0.0343"  (49 holes)
    T8  1.000mm  0.0394"  (30 holes)
    T9  2.200mm  0.0866"  (4 holes)

    Total plated holes count 328


Drill file 'control_body-NPTH.drl' contains
    unplated through holes:
    =============================================================

    Total unplated holes count 0
