Drill report for power_distribution_body.kicad_pcb
Created on 2024-08-07T13:09:15+0300

Copper Layer Stackup:
    =============================================================
    L1 :  F.Cu                      front
    L2 :  B.Cu                      back


Drill file 'power_distribution_body-PTH.drl' contains
    plated through holes:
    =============================================================
    T1  0.400mm  0.0157"  (132 holes)
    T2  0.500mm  0.0197"  (32 holes)
    T3  0.508mm  0.0200"  (432 holes)
    T4  0.750mm  0.0295"  (10 holes)
    T5  0.800mm  0.0315"  (3 holes)
    T6  1.200mm  0.0472"  (6 holes)
    T7  1.300mm  0.0512"  (6 holes)
    T8  1.500mm  0.0591"  (2 holes)
    T9  3.500mm  0.1378"  (4 holes)

    Total plated holes count 627


Drill file 'power_distribution_body-NPTH.drl' contains
    unplated through holes:
    =============================================================

    Total unplated holes count 0
